Determining if the pthread_create exist failed with the following output:
Change Dir: /home/ravi/Documents/github/webladder/CMakeFiles/CMakeTmp

Run Build Command:"/usr/bin/make" "cmTC_5964b/fast"
/usr/bin/make -f CMakeFiles/cmTC_5964b.dir/build.make CMakeFiles/cmTC_5964b.dir/build
make[1]: Entering directory '/home/ravi/Documents/github/webladder/CMakeFiles/CMakeTmp'
Building C object CMakeFiles/cmTC_5964b.dir/CheckSymbolExists.c.o
/usr/bin/cc     -o CMakeFiles/cmTC_5964b.dir/CheckSymbolExists.c.o   -c /home/ravi/Documents/github/webladder/CMakeFiles/CMakeTmp/CheckSymbolExists.c
Linking C executable cmTC_5964b
/usr/bin/cmake -E cmake_link_script CMakeFiles/cmTC_5964b.dir/link.txt --verbose=1
/usr/bin/cc       CMakeFiles/cmTC_5964b.dir/CheckSymbolExists.c.o  -o cmTC_5964b 
CMakeFiles/cmTC_5964b.dir/CheckSymbolExists.c.o: In function `main':
CheckSymbolExists.c:(.text+0x1b): undefined reference to `pthread_create'
collect2: error: ld returned 1 exit status
CMakeFiles/cmTC_5964b.dir/build.make:97: recipe for target 'cmTC_5964b' failed
make[1]: *** [cmTC_5964b] Error 1
make[1]: Leaving directory '/home/ravi/Documents/github/webladder/CMakeFiles/CMakeTmp'
Makefile:126: recipe for target 'cmTC_5964b/fast' failed
make: *** [cmTC_5964b/fast] Error 2

File /home/ravi/Documents/github/webladder/CMakeFiles/CMakeTmp/CheckSymbolExists.c:
/* */
#include <pthread.h>

int main(int argc, char** argv)
{
  (void)argv;
#ifndef pthread_create
  return ((int*)(&pthread_create))[argc];
#else
  (void)argc;
  return 0;
#endif
}

Determining if the function pthread_create exists in the pthreads failed with the following output:
Change Dir: /home/ravi/Documents/github/webladder/CMakeFiles/CMakeTmp

Run Build Command:"/usr/bin/make" "cmTC_1b921/fast"
/usr/bin/make -f CMakeFiles/cmTC_1b921.dir/build.make CMakeFiles/cmTC_1b921.dir/build
make[1]: Entering directory '/home/ravi/Documents/github/webladder/CMakeFiles/CMakeTmp'
Building C object CMakeFiles/cmTC_1b921.dir/CheckFunctionExists.c.o
/usr/bin/cc    -DCHECK_FUNCTION_EXISTS=pthread_create   -o CMakeFiles/cmTC_1b921.dir/CheckFunctionExists.c.o   -c /usr/share/cmake-3.5/Modules/CheckFunctionExists.c
Linking C executable cmTC_1b921
/usr/bin/cmake -E cmake_link_script CMakeFiles/cmTC_1b921.dir/link.txt --verbose=1
/usr/bin/cc   -DCHECK_FUNCTION_EXISTS=pthread_create    CMakeFiles/cmTC_1b921.dir/CheckFunctionExists.c.o  -o cmTC_1b921 -lpthreads 
/usr/bin/ld: cannot find -lpthreads
collect2: error: ld returned 1 exit status
CMakeFiles/cmTC_1b921.dir/build.make:97: recipe for target 'cmTC_1b921' failed
make[1]: *** [cmTC_1b921] Error 1
make[1]: Leaving directory '/home/ravi/Documents/github/webladder/CMakeFiles/CMakeTmp'
Makefile:126: recipe for target 'cmTC_1b921/fast' failed
make: *** [cmTC_1b921/fast] Error 2


